<testsuites id="" name="" tests="9" failures="0" skipped="0" errors="0" time="23.343833999999998">
<testsuite name="current-product.test.ts" timestamp="2026-07-28T03:43:02.862Z" hostname="chromium" tests="9" failures="0" skipped="0" time="37.051" errors="0">
<testcase name="platform, security, and performance › health, headers, public config, and response time" classname="current-product.test.ts" time="0.527">
</testcase>
<testcase name="platform, security, and performance › protected resources reject anonymous and cross-role access" classname="current-product.test.ts" time="0.511">
</testcase>
<testcase name="platform, security, and performance › malformed and suspicious input is handled safely" classname="current-product.test.ts" time="0.055">
</testcase>
<testcase name="customer experience › navigates discovery, bookings, messages, payments, reviews, and profile" classname="current-product.test.ts" time="9.62">
</testcase>
<testcase name="customer experience › supports English and Portuguese and responsive navigation" classname="current-product.test.ts" time="5.208">
</testcase>
<testcase name="customer experience › has keyboard-reachable landmarks and labelled controls" classname="current-product.test.ts" time="5.562">
</testcase>
<testcase name="provider experience › renders dashboard, opportunities, lifecycle hub, messaging, and reviews" classname="current-product.test.ts" time="7.704">
</testcase>
<testcase name="admin experience › admin can reach every management area" classname="current-product.test.ts" time="6.081">
</testcase>
<testcase name="API domain contracts › role-scoped booking, quote, messaging, payment, and review APIs respond" classname="current-product.test.ts" time="1.783">
</testcase>
</testsuite>
</testsuites>